2022/07/28 12:49:32 [notice] 1#1: using the "epoll" event method
2022/07/28 12:49:32 [notice] 1#1: nginx/1.20.2
2022/07/28 12:49:32 [notice] 1#1: built by gcc 10.3.1 20210424 (Alpine 10.3.1_git20210424) 
2022/07/28 12:49:32 [notice] 1#1: OS: Linux 4.15.0-189-generic
2022/07/28 12:49:32 [notice] 1#1: getrlimit(RLIMIT_NOFILE): 1048576:1048576
2022/07/28 12:49:32 [notice] 1#1: start worker processes
2022/07/28 12:49:32 [notice] 1#1: start worker process 24
2022/07/28 12:49:32 [notice] 1#1: start worker process 25
2022/07/28 12:49:32 [notice] 1#1: start worker process 26
2022/07/28 12:49:32 [notice] 1#1: start worker process 27
2022/07/28 13:04:27 [notice] 1#1: signal 3 (SIGQUIT) received, shutting down
2022/07/28 13:04:27 [notice] 24#24: gracefully shutting down
2022/07/28 13:04:27 [notice] 25#25: gracefully shutting down
2022/07/28 13:04:27 [notice] 24#24: exiting
2022/07/28 13:04:27 [notice] 26#26: gracefully shutting down
2022/07/28 13:04:27 [notice] 27#27: gracefully shutting down
2022/07/28 13:04:27 [notice] 25#25: exiting
2022/07/28 13:04:27 [notice] 26#26: exiting
2022/07/28 13:04:27 [notice] 27#27: exiting
2022/07/28 13:04:27 [notice] 24#24: exit
2022/07/28 13:04:27 [notice] 26#26: exit
2022/07/28 13:04:27 [notice] 25#25: exit
2022/07/28 13:04:27 [notice] 27#27: exit
2022/07/28 13:04:27 [notice] 1#1: signal 17 (SIGCHLD) received from 27
2022/07/28 13:04:27 [notice] 1#1: worker process 25 exited with code 0
2022/07/28 13:04:27 [notice] 1#1: worker process 26 exited with code 0
2022/07/28 13:04:27 [notice] 1#1: worker process 27 exited with code 0
2022/07/28 13:04:27 [notice] 1#1: signal 29 (SIGIO) received
2022/07/28 13:04:27 [notice] 1#1: signal 17 (SIGCHLD) received from 24
2022/07/28 13:04:27 [notice] 1#1: worker process 24 exited with code 0
2022/07/28 13:04:27 [notice] 1#1: exit
2022/07/28 13:04:28 [notice] 1#1: using the "epoll" event method
2022/07/28 13:04:28 [notice] 1#1: nginx/1.20.2
2022/07/28 13:04:28 [notice] 1#1: built by gcc 10.3.1 20210424 (Alpine 10.3.1_git20210424) 
2022/07/28 13:04:28 [notice] 1#1: OS: Linux 4.15.0-189-generic
2022/07/28 13:04:28 [notice] 1#1: getrlimit(RLIMIT_NOFILE): 1048576:1048576
2022/07/28 13:04:28 [notice] 1#1: start worker processes
2022/07/28 13:04:28 [notice] 1#1: start worker process 23
2022/07/28 13:04:28 [notice] 1#1: start worker process 24
2022/07/28 13:04:28 [notice] 1#1: start worker process 25
2022/07/28 13:04:28 [notice] 1#1: start worker process 26
2022/07/28 13:04:54 [notice] 1#1: signal 3 (SIGQUIT) received, shutting down
2022/07/28 13:04:54 [notice] 24#24: gracefully shutting down
2022/07/28 13:04:54 [notice] 23#23: gracefully shutting down
2022/07/28 13:04:54 [notice] 24#24: exiting
2022/07/28 13:04:54 [notice] 23#23: exiting
2022/07/28 13:04:54 [notice] 23#23: exit
2022/07/28 13:04:54 [notice] 24#24: exit
2022/07/28 13:04:54 [notice] 25#25: gracefully shutting down
2022/07/28 13:04:54 [notice] 26#26: gracefully shutting down
2022/07/28 13:04:54 [notice] 25#25: exiting
2022/07/28 13:04:54 [notice] 26#26: exiting
2022/07/28 13:04:54 [notice] 25#25: exit
2022/07/28 13:04:54 [notice] 26#26: exit
2022/07/28 13:04:54 [notice] 1#1: signal 17 (SIGCHLD) received from 24
2022/07/28 13:04:54 [notice] 1#1: worker process 23 exited with code 0
2022/07/28 13:04:54 [notice] 1#1: worker process 24 exited with code 0
2022/07/28 13:04:54 [notice] 1#1: signal 29 (SIGIO) received
2022/07/28 13:04:54 [notice] 1#1: signal 17 (SIGCHLD) received from 26
2022/07/28 13:04:54 [notice] 1#1: worker process 25 exited with code 0
2022/07/28 13:04:54 [notice] 1#1: worker process 26 exited with code 0
2022/07/28 13:04:54 [notice] 1#1: exit
2022/07/28 13:06:01 [notice] 1#1: using the "epoll" event method
2022/07/28 13:06:01 [notice] 1#1: nginx/1.20.2
2022/07/28 13:06:01 [notice] 1#1: built by gcc 10.3.1 20210424 (Alpine 10.3.1_git20210424) 
2022/07/28 13:06:01 [notice] 1#1: OS: Linux 4.15.0-189-generic
2022/07/28 13:06:01 [notice] 1#1: getrlimit(RLIMIT_NOFILE): 1048576:1048576
2022/07/28 13:06:01 [notice] 1#1: start worker processes
2022/07/28 13:06:01 [notice] 1#1: start worker process 24
2022/07/28 13:06:01 [notice] 1#1: start worker process 25
2022/07/28 13:06:01 [notice] 1#1: start worker process 26
2022/07/28 13:06:01 [notice] 1#1: start worker process 27
2022/07/28 13:14:47 [notice] 1#1: signal 3 (SIGQUIT) received, shutting down
2022/07/28 13:14:47 [notice] 24#24: gracefully shutting down
2022/07/28 13:14:47 [notice] 25#25: gracefully shutting down
2022/07/28 13:14:47 [notice] 26#26: gracefully shutting down
2022/07/28 13:14:47 [notice] 27#27: gracefully shutting down
2022/07/28 13:14:47 [notice] 24#24: exiting
2022/07/28 13:14:47 [notice] 25#25: exiting
2022/07/28 13:14:47 [notice] 26#26: exiting
2022/07/28 13:14:47 [notice] 27#27: exiting
2022/07/28 13:14:47 [notice] 25#25: exit
2022/07/28 13:14:47 [notice] 24#24: exit
2022/07/28 13:14:47 [notice] 26#26: exit
2022/07/28 13:14:47 [notice] 27#27: exit
2022/07/28 13:14:47 [notice] 1#1: signal 17 (SIGCHLD) received from 26
2022/07/28 13:14:47 [notice] 1#1: worker process 26 exited with code 0
2022/07/28 13:14:47 [notice] 1#1: signal 29 (SIGIO) received
2022/07/28 13:14:47 [notice] 1#1: signal 17 (SIGCHLD) received from 25
2022/07/28 13:14:47 [notice] 1#1: worker process 25 exited with code 0
2022/07/28 13:14:47 [notice] 1#1: worker process 27 exited with code 0
2022/07/28 13:14:47 [notice] 1#1: signal 29 (SIGIO) received
2022/07/28 13:14:47 [notice] 1#1: signal 17 (SIGCHLD) received from 24
2022/07/28 13:14:47 [notice] 1#1: worker process 24 exited with code 0
2022/07/28 13:14:47 [notice] 1#1: exit
2022/07/28 13:15:43 [notice] 1#1: using the "epoll" event method
2022/07/28 13:15:43 [notice] 1#1: nginx/1.20.2
2022/07/28 13:15:43 [notice] 1#1: built by gcc 10.3.1 20210424 (Alpine 10.3.1_git20210424) 
2022/07/28 13:15:43 [notice] 1#1: OS: Linux 4.15.0-189-generic
2022/07/28 13:15:43 [notice] 1#1: getrlimit(RLIMIT_NOFILE): 1048576:1048576
2022/07/28 13:15:43 [notice] 1#1: start worker processes
2022/07/28 13:15:43 [notice] 1#1: start worker process 24
2022/07/28 13:15:43 [notice] 1#1: start worker process 25
2022/07/28 13:15:43 [notice] 1#1: start worker process 26
2022/07/28 13:15:43 [notice] 1#1: start worker process 27
2022/07/29 02:19:19 [notice] 1#1: signal 3 (SIGQUIT) received, shutting down
2022/07/29 02:19:19 [notice] 24#24: gracefully shutting down
2022/07/29 02:19:19 [notice] 24#24: exiting
2022/07/29 02:19:19 [notice] 24#24: exit
2022/07/29 02:19:19 [notice] 25#25: gracefully shutting down
2022/07/29 02:19:19 [notice] 26#26: gracefully shutting down
2022/07/29 02:19:19 [notice] 27#27: gracefully shutting down
2022/07/29 02:19:19 [notice] 25#25: exiting
2022/07/29 02:19:19 [notice] 26#26: exiting
2022/07/29 02:19:19 [notice] 27#27: exiting
2022/07/29 02:19:19 [notice] 26#26: exit
2022/07/29 02:19:19 [notice] 25#25: exit
2022/07/29 02:19:19 [notice] 27#27: exit
2022/07/29 02:19:19 [notice] 1#1: signal 17 (SIGCHLD) received from 25
2022/07/29 02:19:19 [notice] 1#1: worker process 24 exited with code 0
2022/07/29 02:19:19 [notice] 1#1: worker process 25 exited with code 0
2022/07/29 02:19:19 [notice] 1#1: worker process 27 exited with code 0
2022/07/29 02:19:19 [notice] 1#1: signal 29 (SIGIO) received
2022/07/29 02:19:19 [notice] 1#1: signal 17 (SIGCHLD) received from 26
2022/07/29 02:19:19 [notice] 1#1: worker process 26 exited with code 0
2022/07/29 02:19:19 [notice] 1#1: exit
